[2026-01-19 09:52:53.735] [tiledb-vcf] [Process: 1223923] [Thread: 1223923] [info] Version:
TileDB-VCF version 0.37.0
TileDB version 2.27.2
htslib version 1.21
[2026-01-19 09:52:53.735] [tiledb-vcf] [Process: 1223923] [Thread: 1223923] [info] Command options:
uri="vcf_dbs//gvcf_dataset"
attributes="[]"
vcf-attributes=""
anchor-gap=1000000
no-duplicates=true
compress-sample-dim=false
compression-level=4
enable-allele-count=false
enable-variant-stats=false
enable-sample-stats=false
tile-capacity=10000
tiledb-config="[]"
checksum=13
variant-stats-version=''
log-level="debug"
log-file="vcf_dbs//temp/tiledbvcf_createHvcf.log"

[2026-01-19 09:52:53.888] [tiledb-vcf] [Process: 1223923] [Thread: 1223923] [debug] Adding array name='vcf_headers' uri='metadata/vcf_headers' to group uri='vcf_dbs//gvcf_dataset'
[2026-01-19 09:52:53.888] [tiledb-vcf] [Process: 1223923] [Thread: 1223923] [debug] Adding group name='metadata' uri='metadata' to group uri='vcf_dbs//gvcf_dataset'
[2026-01-19 09:52:53.893] [tiledb-vcf] [Process: 1223923] [Thread: 1223923] [debug] Adding array name='data' uri='data' to group uri='vcf_dbs//gvcf_dataset'
[2026-01-19 09:52:53.902] [tiledb-vcf] [Process: 1223923] [Thread: 1223923] [debug] [AlleleCount] Create array
[2026-01-19 09:52:53.906] [tiledb-vcf] [Process: 1223923] [Thread: 1223923] [debug] Adding array 'allele_count' to group 'vcf_dbs//gvcf_dataset'
[2026-01-19 09:52:53.912] [tiledb-vcf] [Process: 1223923] [Thread: 1223923] [debug] [VariantStats] Create array
[2026-01-19 09:52:53.915] [tiledb-vcf] [Process: 1223923] [Thread: 1223923] [debug] Adding array 'variant_stats' to group 'vcf_dbs//gvcf_dataset'
[2026-01-19 09:52:53.921] [tiledb-vcf] [Process: 1223923] [Thread: 1223923] [debug] [SampleStats] create array
[2026-01-19 09:52:53.924] [tiledb-vcf] [Process: 1223923] [Thread: 1223923] [debug] [SampleStats] Adding array 'sample_stats' to group 'vcf_dbs//gvcf_dataset'
[2026-01-19 09:52:53.934] [tiledb-vcf] [Process: 1223923] [Thread: 1223923] [debug] TileDB Groups: 
gvcf_dataset GROUP
|-- sample_stats ARRAY
|-- variant_stats ARRAY
|-- allele_count ARRAY
|-- data ARRAY
|-- vcf_headers ARRAY
|-- metadata GROUP

[2026-01-19 09:52:53.934] [tiledb-vcf] [Process: 1223923] [Thread: 1223923] [debug] Group member name='sample_stats' uri='file:///scratch/PHG_scripts/PHGv2Tools/Example_database/vcf_dbs/gvcf_dataset/sample_stats'
[2026-01-19 09:52:53.934] [tiledb-vcf] [Process: 1223923] [Thread: 1223923] [debug] Group member name='variant_stats' uri='file:///scratch/PHG_scripts/PHGv2Tools/Example_database/vcf_dbs/gvcf_dataset/variant_stats'
[2026-01-19 09:52:53.934] [tiledb-vcf] [Process: 1223923] [Thread: 1223923] [debug] Group member name='allele_count' uri='file:///scratch/PHG_scripts/PHGv2Tools/Example_database/vcf_dbs/gvcf_dataset/allele_count'
[2026-01-19 09:52:53.934] [tiledb-vcf] [Process: 1223923] [Thread: 1223923] [debug] Group member name='data' uri='file:///scratch/PHG_scripts/PHGv2Tools/Example_database/vcf_dbs/gvcf_dataset/data'
[2026-01-19 09:52:53.934] [tiledb-vcf] [Process: 1223923] [Thread: 1223923] [debug] Group member name='vcf_headers' uri='file:///scratch/PHG_scripts/PHGv2Tools/Example_database/vcf_dbs/gvcf_dataset/metadata/vcf_headers'
[2026-01-19 09:52:53.934] [tiledb-vcf] [Process: 1223923] [Thread: 1223923] [debug] Group member name='metadata' uri='file:///scratch/PHG_scripts/PHGv2Tools/Example_database/vcf_dbs/gvcf_dataset/metadata'

